[0m2021.11.06 23:05:12 INFO  Started: Metals version 0.10.9 in workspace 'C:\Users\chanh\Desktop\CS492 µ•¿Ã≈Õ ∞°Ω√»≠\Design Projects\SayNoToDrop' for client Visual Studio Code 1.62.0.[0m
[0m2021.11.06 23:05:13 INFO  time: initialize in 1.57s[0m
[0m2021.11.06 23:05:15 WARN  Build server is not auto-connectable.[0m
[0m2021.11.06 23:05:15 WARN  no build tool detected in workspace 'C:\Users\chanh\Desktop\CS492 µ•¿Ã≈Õ ∞°Ω√»≠\Design Projects\SayNoToDrop'. The most common cause for this problem is that the editor was opened in the wrong working directory, for example if you use sbt then the workspace directory should contain build.sbt. [0m
[0m2021.11.07 00:04:25 INFO  shutting down Metals[0m
[0m2021.11.07 11:26:01 INFO  Started: Metals version 0.10.9 in workspace 'C:\Users\chanh\Desktop\CS492 µ•¿Ã≈Õ ∞°Ω√»≠\Design Projects\SayNoToDrop' for client Visual Studio Code 1.62.0.[0m
[0m2021.11.07 11:26:02 INFO  time: initialize in 1.04s[0m
[0m2021.11.07 11:26:03 WARN  Build server is not auto-connectable.[0m
[0m2021.11.07 11:26:03 WARN  no build tool detected in workspace 'C:\Users\chanh\Desktop\CS492 µ•¿Ã≈Õ ∞°Ω√»≠\Design Projects\SayNoToDrop'. The most common cause for this problem is that the editor was opened in the wrong working directory, for example if you use sbt then the workspace directory should contain build.sbt. [0m
[0m2021.11.07 11:42:28 INFO  shutting down Metals[0m
[0m2021.11.07 16:21:44 INFO  Started: Metals version 0.10.9 in workspace 'C:\Users\chanh\Desktop\CS492 µ•¿Ã≈Õ ∞°Ω√»≠\Design Projects\SayNoToDrop' for client Visual Studio Code 1.62.0.[0m
[0m2021.11.07 16:21:44 INFO  time: initialize in 0.78s[0m
[0m2021.11.07 16:21:45 WARN  Build server is not auto-connectable.[0m
[0m2021.11.07 16:21:45 WARN  no build tool detected in workspace 'C:\Users\chanh\Desktop\CS492 µ•¿Ã≈Õ ∞°Ω√»≠\Design Projects\SayNoToDrop'. The most common cause for this problem is that the editor was opened in the wrong working directory, for example if you use sbt then the workspace directory should contain build.sbt. [0m
[0m2021.11.08 02:19:51 INFO  shutting down Metals[0m
[0m2021.11.08 23:03:30 INFO  Started: Metals version 0.10.9 in workspace 'C:\Users\chanh\Desktop\CS492 µ•¿Ã≈Õ ∞°Ω√»≠\Design Projects\SayNoToDrop' for client Visual Studio Code 1.62.0.[0m
[0m2021.11.08 23:03:32 INFO  time: initialize in 1.38s[0m
[0m2021.11.08 23:03:33 WARN  Build server is not auto-connectable.[0m
[0m2021.11.08 23:03:33 WARN  no build tool detected in workspace 'C:\Users\chanh\Desktop\CS492 µ•¿Ã≈Õ ∞°Ω√»≠\Design Projects\SayNoToDrop'. The most common cause for this problem is that the editor was opened in the wrong working directory, for example if you use sbt then the workspace directory should contain build.sbt. [0m
[0m2021.11.09 10:52:39 INFO  Started: Metals version 0.10.9 in workspace 'C:\Users\chanh\Desktop\CS492 µ•¿Ã≈Õ ∞°Ω√»≠\Design Projects\SayNoToDrop' for client Visual Studio Code 1.62.0.[0m
[0m2021.11.09 10:52:41 INFO  time: initialize in 1.86s[0m
[0m2021.11.09 10:52:47 WARN  Build server is not auto-connectable.[0m
[0m2021.11.09 10:52:47 WARN  no build tool detected in workspace 'C:\Users\chanh\Desktop\CS492 µ•¿Ã≈Õ ∞°Ω√»≠\Design Projects\SayNoToDrop'. The most common cause for this problem is that the editor was opened in the wrong working directory, for example if you use sbt then the workspace directory should contain build.sbt. [0m
[0m2021.11.09 11:19:36 INFO  shutting down Metals[0m
[0m2021.11.09 15:09:25 INFO  Started: Metals version 0.10.9 in workspace 'C:\Users\chanh\Desktop\CS492 µ•¿Ã≈Õ ∞°Ω√»≠\Design Projects\SayNoToDrop' for client Visual Studio Code 1.62.0.[0m
[0m2021.11.09 15:09:27 INFO  time: initialize in 2.56s[0m
[0m2021.11.09 15:09:32 WARN  Build server is not auto-connectable.[0m
[0m2021.11.09 15:09:32 WARN  no build tool detected in workspace 'C:\Users\chanh\Desktop\CS492 µ•¿Ã≈Õ ∞°Ω√»≠\Design Projects\SayNoToDrop'. The most common cause for this problem is that the editor was opened in the wrong working directory, for example if you use sbt then the workspace directory should contain build.sbt. [0m
[0m2021.11.09 15:31:44 INFO  shutting down Metals[0m
[0m2021.11.09 16:51:42 INFO  Started: Metals version 0.10.9 in workspace 'C:\Users\chanh\Desktop\CS492 µ•¿Ã≈Õ ∞°Ω√»≠\Design Projects\SayNoToDrop' for client Visual Studio Code 1.62.0.[0m
[0m2021.11.09 16:51:44 INFO  time: initialize in 1.19s[0m
[0m2021.11.09 16:51:45 WARN  Build server is not auto-connectable.[0m
[0m2021.11.09 16:51:45 WARN  no build tool detected in workspace 'C:\Users\chanh\Desktop\CS492 µ•¿Ã≈Õ ∞°Ω√»≠\Design Projects\SayNoToDrop'. The most common cause for this problem is that the editor was opened in the wrong working directory, for example if you use sbt then the workspace directory should contain build.sbt. [0m
[0m2021.11.09 16:58:59 INFO  shutting down Metals[0m
[0m2021.11.21 16:35:55 INFO  Started: Metals version 0.10.9 in workspace 'C:\Users\chanh\Desktop\CS492 µ•¿Ã≈Õ ∞°Ω√»≠\Design Projects\SayNoToDrop' for client Visual Studio Code 1.62.3.[0m
[0m2021.11.21 16:35:58 INFO  time: initialize in 3.24s[0m
[0m2021.11.21 16:36:04 WARN  Build server is not auto-connectable.[0m
[0m2021.11.21 16:36:04 WARN  no build tool detected in workspace 'C:\Users\chanh\Desktop\CS492 µ•¿Ã≈Õ ∞°Ω√»≠\Design Projects\SayNoToDrop'. The most common cause for this problem is that the editor was opened in the wrong working directory, for example if you use sbt then the workspace directory should contain build.sbt. [0m
[0m2021.11.21 21:55:12 INFO  shutting down Metals[0m
[0m2021.11.21 21:56:48 INFO  Started: Metals version 0.10.9 in workspace 'C:\Users\chanh\Desktop\CS492 µ•¿Ã≈Õ ∞°Ω√»≠\Design Projects\SayNoToDrop' for client Visual Studio Code 1.62.3.[0m
[0m2021.11.21 21:56:50 INFO  time: initialize in 1.82s[0m
[0m2021.11.21 21:56:52 WARN  Build server is not auto-connectable.[0m
[0m2021.11.21 21:56:52 WARN  no build tool detected in workspace 'C:\Users\chanh\Desktop\CS492 µ•¿Ã≈Õ ∞°Ω√»≠\Design Projects\SayNoToDrop'. The most common cause for this problem is that the editor was opened in the wrong working directory, for example if you use sbt then the workspace directory should contain build.sbt. [0m
11ø˘ 21, 2021 10:09:32 ø¿»ƒ org.eclipse.lsp4j.jsonrpc.services.GenericEndpoint notify
¡§∫∏: Unsupported notification method: $/setTrace
11ø˘ 21, 2021 10:09:50 ø¿»ƒ org.eclipse.lsp4j.jsonrpc.services.GenericEndpoint notify
¡§∫∏: Unsupported notification method: $/setTrace
[0m2021.11.22 11:22:54 INFO  shutting down Metals[0m
